2022-08-11 17:13:55 <info> (App.ts:29) undefined '❗️Error in Create users Table : ' AccessDeniedError [SequelizeAccessDeniedError]: Access denied for user 'fujii0711'@'localhost' (using password: YES)
    at ConnectionManager.connect (C:\_git\RN_project\backend\node_modules\sequelize\src\dialects\mysql\connection-manager.js:118:17)
    at processTicksAndRejections (internal/process/task_queues.js:95:5)
    at async ConnectionManager._connect (C:\_git\RN_project\backend\node_modules\sequelize\src\dialects\abstract\connection-manager.js:326:24)
    at async C:\_git\RN_project\backend\node_modules\sequelize\src\dialects\abstract\connection-manager.js:250:32
    at async ConnectionManager.getConnection (C:\_git\RN_project\backend\node_modules\sequelize\src\dialects\abstract\connection-manager.js:280:7)
    at async C:\_git\RN_project\backend\node_modules\sequelize\src\sequelize.js:629:26
    at async Sequelize.authenticate (C:\_git\RN_project\backend\node_modules\sequelize\src\sequelize.js:963:5) {
  parent: Error: Access denied for user 'fujii0711'@'localhost' (using password: YES)
      at Packet.asError (C:\_git\RN_project\backend\node_modules\mysql2\lib\packets\packet.js:728:17)
      at ClientHandshake.execute (C:\_git\RN_project\backend\node_modules\mysql2\lib\commands\command.js:29:26)
      at Connection.handlePacket (C:\_git\RN_project\backend\node_modules\mysql2\lib\connection.js:456:32)
      at PacketParser.onPacket (C:\_git\RN_project\backend\node_modules\mysql2\lib\connection.js:85:12)
      at PacketParser.executeStart (C:\_git\RN_project\backend\node_modules\mysql2\lib\packet_parser.js:75:16)
      at Socket.<anonymous> (C:\_git\RN_project\backend\node_modules\mysql2\lib\connection.js:92:25)
      at Socket.emit (events.js:400:28)
      at Socket.emit (domain.js:475:12)
      at addChunk (internal/streams/readable.js:293:12)
      at readableAddChunk (internal/streams/readable.js:267:9) {
    code: 'ER_ACCESS_DENIED_ERROR',
    errno: 1045,
    sqlState: '28000',
    sqlMessage: "Access denied for user 'fujii0711'@'localhost' (using password: YES)",
    sql: undefined
  },
  original: Error: Access denied for user 'fujii0711'@'localhost' (using password: YES)
      at Packet.asError (C:\_git\RN_project\backend\node_modules\mysql2\lib\packets\packet.js:728:17)
      at ClientHandshake.execute (C:\_git\RN_project\backend\node_modules\mysql2\lib\commands\command.js:29:26)
      at Connection.handlePacket (C:\_git\RN_project\backend\node_modules\mysql2\lib\connection.js:456:32)
      at PacketParser.onPacket (C:\_git\RN_project\backend\node_modules\mysql2\lib\connection.js:85:12)
      at PacketParser.executeStart (C:\_git\RN_project\backend\node_modules\mysql2\lib\packet_parser.js:75:16)
      at Socket.<anonymous> (C:\_git\RN_project\backend\node_modules\mysql2\lib\connection.js:92:25)
      at Socket.emit (events.js:400:28)
      at Socket.emit (domain.js:475:12)
      at addChunk (internal/streams/readable.js:293:12)
      at readableAddChunk (internal/streams/readable.js:267:9) {
    code: 'ER_ACCESS_DENIED_ERROR',
    errno: 1045,
    sqlState: '28000',
    sqlMessage: "Access denied for user 'fujii0711'@'localhost' (using password: YES)",
    sql: undefined
  }
}
2022-08-11 17:14:54 <info> (App.ts:29) undefined '❗️Error in Create users Table : ' AccessDeniedError [SequelizeAccessDeniedError]: Access denied for user 'fujii0711'@'localhost' (using password: YES)
    at ConnectionManager.connect (C:\_git\RN_project\backend\node_modules\sequelize\src\dialects\mysql\connection-manager.js:118:17)
    at processTicksAndRejections (internal/process/task_queues.js:95:5)
    at async ConnectionManager._connect (C:\_git\RN_project\backend\node_modules\sequelize\src\dialects\abstract\connection-manager.js:326:24)
    at async C:\_git\RN_project\backend\node_modules\sequelize\src\dialects\abstract\connection-manager.js:250:32
    at async ConnectionManager.getConnection (C:\_git\RN_project\backend\node_modules\sequelize\src\dialects\abstract\connection-manager.js:280:7)
    at async C:\_git\RN_project\backend\node_modules\sequelize\src\sequelize.js:629:26
    at async Sequelize.authenticate (C:\_git\RN_project\backend\node_modules\sequelize\src\sequelize.js:963:5) {
  parent: Error: Access denied for user 'fujii0711'@'localhost' (using password: YES)
      at Packet.asError (C:\_git\RN_project\backend\node_modules\mysql2\lib\packets\packet.js:728:17)
      at ClientHandshake.execute (C:\_git\RN_project\backend\node_modules\mysql2\lib\commands\command.js:29:26)
      at Connection.handlePacket (C:\_git\RN_project\backend\node_modules\mysql2\lib\connection.js:456:32)
      at PacketParser.onPacket (C:\_git\RN_project\backend\node_modules\mysql2\lib\connection.js:85:12)
      at PacketParser.executeStart (C:\_git\RN_project\backend\node_modules\mysql2\lib\packet_parser.js:75:16)
      at Socket.<anonymous> (C:\_git\RN_project\backend\node_modules\mysql2\lib\connection.js:92:25)
      at Socket.emit (events.js:400:28)
      at Socket.emit (domain.js:475:12)
      at addChunk (internal/streams/readable.js:293:12)
      at readableAddChunk (internal/streams/readable.js:267:9) {
    code: 'ER_ACCESS_DENIED_ERROR',
    errno: 1045,
    sqlState: '28000',
    sqlMessage: "Access denied for user 'fujii0711'@'localhost' (using password: YES)",
    sql: undefined
  },
  original: Error: Access denied for user 'fujii0711'@'localhost' (using password: YES)
      at Packet.asError (C:\_git\RN_project\backend\node_modules\mysql2\lib\packets\packet.js:728:17)
      at ClientHandshake.execute (C:\_git\RN_project\backend\node_modules\mysql2\lib\commands\command.js:29:26)
      at Connection.handlePacket (C:\_git\RN_project\backend\node_modules\mysql2\lib\connection.js:456:32)
      at PacketParser.onPacket (C:\_git\RN_project\backend\node_modules\mysql2\lib\connection.js:85:12)
      at PacketParser.executeStart (C:\_git\RN_project\backend\node_modules\mysql2\lib\packet_parser.js:75:16)
      at Socket.<anonymous> (C:\_git\RN_project\backend\node_modules\mysql2\lib\connection.js:92:25)
      at Socket.emit (events.js:400:28)
      at Socket.emit (domain.js:475:12)
      at addChunk (internal/streams/readable.js:293:12)
      at readableAddChunk (internal/streams/readable.js:267:9) {
    code: 'ER_ACCESS_DENIED_ERROR',
    errno: 1045,
    sqlState: '28000',
    sqlMessage: "Access denied for user 'fujii0711'@'localhost' (using password: YES)",
    sql: undefined
  }
}
2022-08-11 17:15:26 <info> (App.ts:29) undefined '❗️Error in Create users Table : ' AccessDeniedError [SequelizeAccessDeniedError]: Access denied for user 'fujii0711'@'localhost' (using password: YES)
    at ConnectionManager.connect (C:\_git\RN_project\backend\node_modules\sequelize\src\dialects\mysql\connection-manager.js:118:17)
    at processTicksAndRejections (internal/process/task_queues.js:95:5)
    at async ConnectionManager._connect (C:\_git\RN_project\backend\node_modules\sequelize\src\dialects\abstract\connection-manager.js:326:24)
    at async C:\_git\RN_project\backend\node_modules\sequelize\src\dialects\abstract\connection-manager.js:250:32
    at async ConnectionManager.getConnection (C:\_git\RN_project\backend\node_modules\sequelize\src\dialects\abstract\connection-manager.js:280:7)
    at async C:\_git\RN_project\backend\node_modules\sequelize\src\sequelize.js:629:26
    at async Sequelize.authenticate (C:\_git\RN_project\backend\node_modules\sequelize\src\sequelize.js:963:5) {
  parent: Error: Access denied for user 'fujii0711'@'localhost' (using password: YES)
      at Packet.asError (C:\_git\RN_project\backend\node_modules\mysql2\lib\packets\packet.js:728:17)
      at ClientHandshake.execute (C:\_git\RN_project\backend\node_modules\mysql2\lib\commands\command.js:29:26)
      at Connection.handlePacket (C:\_git\RN_project\backend\node_modules\mysql2\lib\connection.js:456:32)
      at PacketParser.onPacket (C:\_git\RN_project\backend\node_modules\mysql2\lib\connection.js:85:12)
      at PacketParser.executeStart (C:\_git\RN_project\backend\node_modules\mysql2\lib\packet_parser.js:75:16)
      at Socket.<anonymous> (C:\_git\RN_project\backend\node_modules\mysql2\lib\connection.js:92:25)
      at Socket.emit (events.js:400:28)
      at Socket.emit (domain.js:475:12)
      at addChunk (internal/streams/readable.js:293:12)
      at readableAddChunk (internal/streams/readable.js:267:9) {
    code: 'ER_ACCESS_DENIED_ERROR',
    errno: 1045,
    sqlState: '28000',
    sqlMessage: "Access denied for user 'fujii0711'@'localhost' (using password: YES)",
    sql: undefined
  },
  original: Error: Access denied for user 'fujii0711'@'localhost' (using password: YES)
      at Packet.asError (C:\_git\RN_project\backend\node_modules\mysql2\lib\packets\packet.js:728:17)
      at ClientHandshake.execute (C:\_git\RN_project\backend\node_modules\mysql2\lib\commands\command.js:29:26)
      at Connection.handlePacket (C:\_git\RN_project\backend\node_modules\mysql2\lib\connection.js:456:32)
      at PacketParser.onPacket (C:\_git\RN_project\backend\node_modules\mysql2\lib\connection.js:85:12)
      at PacketParser.executeStart (C:\_git\RN_project\backend\node_modules\mysql2\lib\packet_parser.js:75:16)
      at Socket.<anonymous> (C:\_git\RN_project\backend\node_modules\mysql2\lib\connection.js:92:25)
      at Socket.emit (events.js:400:28)
      at Socket.emit (domain.js:475:12)
      at addChunk (internal/streams/readable.js:293:12)
      at readableAddChunk (internal/streams/readable.js:267:9) {
    code: 'ER_ACCESS_DENIED_ERROR',
    errno: 1045,
    sqlState: '28000',
    sqlMessage: "Access denied for user 'fujii0711'@'localhost' (using password: YES)",
    sql: undefined
  }
}
2022-08-11 17:57:09 <info> (App.ts:29) undefined '❗️Error in Create users Table : ' AccessDeniedError [SequelizeAccessDeniedError]: Access denied for user 'fujii0711'@'localhost' (using password: YES)
    at ConnectionManager.connect (C:\_git\RN_project\backend\node_modules\sequelize\src\dialects\mysql\connection-manager.js:118:17)
    at processTicksAndRejections (internal/process/task_queues.js:95:5)
    at async ConnectionManager._connect (C:\_git\RN_project\backend\node_modules\sequelize\src\dialects\abstract\connection-manager.js:326:24)
    at async C:\_git\RN_project\backend\node_modules\sequelize\src\dialects\abstract\connection-manager.js:250:32
    at async ConnectionManager.getConnection (C:\_git\RN_project\backend\node_modules\sequelize\src\dialects\abstract\connection-manager.js:280:7)
    at async C:\_git\RN_project\backend\node_modules\sequelize\src\sequelize.js:629:26
    at async Sequelize.authenticate (C:\_git\RN_project\backend\node_modules\sequelize\src\sequelize.js:963:5) {
  parent: Error: Access denied for user 'fujii0711'@'localhost' (using password: YES)
      at Packet.asError (C:\_git\RN_project\backend\node_modules\mysql2\lib\packets\packet.js:728:17)
      at ClientHandshake.execute (C:\_git\RN_project\backend\node_modules\mysql2\lib\commands\command.js:29:26)
      at Connection.handlePacket (C:\_git\RN_project\backend\node_modules\mysql2\lib\connection.js:456:32)
      at PacketParser.onPacket (C:\_git\RN_project\backend\node_modules\mysql2\lib\connection.js:85:12)
      at PacketParser.executeStart (C:\_git\RN_project\backend\node_modules\mysql2\lib\packet_parser.js:75:16)
      at Socket.<anonymous> (C:\_git\RN_project\backend\node_modules\mysql2\lib\connection.js:92:25)
      at Socket.emit (events.js:400:28)
      at Socket.emit (domain.js:475:12)
      at addChunk (internal/streams/readable.js:293:12)
      at readableAddChunk (internal/streams/readable.js:267:9) {
    code: 'ER_ACCESS_DENIED_ERROR',
    errno: 1045,
    sqlState: '28000',
    sqlMessage: "Access denied for user 'fujii0711'@'localhost' (using password: YES)",
    sql: undefined
  },
  original: Error: Access denied for user 'fujii0711'@'localhost' (using password: YES)
      at Packet.asError (C:\_git\RN_project\backend\node_modules\mysql2\lib\packets\packet.js:728:17)
      at ClientHandshake.execute (C:\_git\RN_project\backend\node_modules\mysql2\lib\commands\command.js:29:26)
      at Connection.handlePacket (C:\_git\RN_project\backend\node_modules\mysql2\lib\connection.js:456:32)
      at PacketParser.onPacket (C:\_git\RN_project\backend\node_modules\mysql2\lib\connection.js:85:12)
      at PacketParser.executeStart (C:\_git\RN_project\backend\node_modules\mysql2\lib\packet_parser.js:75:16)
      at Socket.<anonymous> (C:\_git\RN_project\backend\node_modules\mysql2\lib\connection.js:92:25)
      at Socket.emit (events.js:400:28)
      at Socket.emit (domain.js:475:12)
      at addChunk (internal/streams/readable.js:293:12)
      at readableAddChunk (internal/streams/readable.js:267:9) {
    code: 'ER_ACCESS_DENIED_ERROR',
    errno: 1045,
    sqlState: '28000',
    sqlMessage: "Access denied for user 'fujii0711'@'localhost' (using password: YES)",
    sql: undefined
  }
}
2022-08-11 17:58:10 <info> (App.ts:29) undefined '❗️Error in Create users Table : ' AccessDeniedError [SequelizeAccessDeniedError]: Access denied for user 'fujii0711'@'localhost' (using password: YES)
    at ConnectionManager.connect (C:\_git\RN_project\backend\node_modules\sequelize\src\dialects\mysql\connection-manager.js:118:17)
    at processTicksAndRejections (internal/process/task_queues.js:95:5)
    at async ConnectionManager._connect (C:\_git\RN_project\backend\node_modules\sequelize\src\dialects\abstract\connection-manager.js:326:24)
    at async C:\_git\RN_project\backend\node_modules\sequelize\src\dialects\abstract\connection-manager.js:250:32
    at async ConnectionManager.getConnection (C:\_git\RN_project\backend\node_modules\sequelize\src\dialects\abstract\connection-manager.js:280:7)
    at async C:\_git\RN_project\backend\node_modules\sequelize\src\sequelize.js:629:26
    at async Sequelize.authenticate (C:\_git\RN_project\backend\node_modules\sequelize\src\sequelize.js:963:5) {
  parent: Error: Access denied for user 'fujii0711'@'localhost' (using password: YES)
      at Packet.asError (C:\_git\RN_project\backend\node_modules\mysql2\lib\packets\packet.js:728:17)
      at ClientHandshake.execute (C:\_git\RN_project\backend\node_modules\mysql2\lib\commands\command.js:29:26)
      at Connection.handlePacket (C:\_git\RN_project\backend\node_modules\mysql2\lib\connection.js:456:32)
      at PacketParser.onPacket (C:\_git\RN_project\backend\node_modules\mysql2\lib\connection.js:85:12)
      at PacketParser.executeStart (C:\_git\RN_project\backend\node_modules\mysql2\lib\packet_parser.js:75:16)
      at Socket.<anonymous> (C:\_git\RN_project\backend\node_modules\mysql2\lib\connection.js:92:25)
      at Socket.emit (events.js:400:28)
      at Socket.emit (domain.js:475:12)
      at addChunk (internal/streams/readable.js:293:12)
      at readableAddChunk (internal/streams/readable.js:267:9) {
    code: 'ER_ACCESS_DENIED_ERROR',
    errno: 1045,
    sqlState: '28000',
    sqlMessage: "Access denied for user 'fujii0711'@'localhost' (using password: YES)",
    sql: undefined
  },
  original: Error: Access denied for user 'fujii0711'@'localhost' (using password: YES)
      at Packet.asError (C:\_git\RN_project\backend\node_modules\mysql2\lib\packets\packet.js:728:17)
      at ClientHandshake.execute (C:\_git\RN_project\backend\node_modules\mysql2\lib\commands\command.js:29:26)
      at Connection.handlePacket (C:\_git\RN_project\backend\node_modules\mysql2\lib\connection.js:456:32)
      at PacketParser.onPacket (C:\_git\RN_project\backend\node_modules\mysql2\lib\connection.js:85:12)
      at PacketParser.executeStart (C:\_git\RN_project\backend\node_modules\mysql2\lib\packet_parser.js:75:16)
      at Socket.<anonymous> (C:\_git\RN_project\backend\node_modules\mysql2\lib\connection.js:92:25)
      at Socket.emit (events.js:400:28)
      at Socket.emit (domain.js:475:12)
      at addChunk (internal/streams/readable.js:293:12)
      at readableAddChunk (internal/streams/readable.js:267:9) {
    code: 'ER_ACCESS_DENIED_ERROR',
    errno: 1045,
    sqlState: '28000',
    sqlMessage: "Access denied for user 'fujii0711'@'localhost' (using password: YES)",
    sql: undefined
  }
}
