2022-09-25 10:16:55 <error> (error.ts:46) be88b4a0-3c6f-11ed-b054-0b1a29dac791 [
  Error: POST /chat/makeRoom 라우터가 없습니다.
      at error400Handler (C:\_git\Portfolio\backend\src\modules\error.ts:44:15)
      at Layer.handle [as handle_request] (C:\_git\Portfolio\backend\node_modules\express\lib\router\layer.js:95:5)
      at trim_prefix (C:\_git\Portfolio\backend\node_modules\express\lib\router\index.js:328:13)
      at C:\_git\Portfolio\backend\node_modules\express\lib\router\index.js:286:9
      at Function.process_params (C:\_git\Portfolio\backend\node_modules\express\lib\router\index.js:346:12)
      at Immediate.next (C:\_git\Portfolio\backend\node_modules\express\lib\router\index.js:280:10)
      at Immediate._onImmediate (C:\_git\Portfolio\backend\node_modules\express\lib\router\index.js:646:15)
      at processImmediate (internal/timers.js:466:21)
      at process.topLevelDomainCallback (domain.js:147:15)
      at process.callbackTrampoline (internal/async_hooks.js:129:24)
]
2022-09-25 11:24:49 <error> (error.ts:35) 3b22f710-3c79-11ed-8304-e5c75cf0f1b2 [
  ApiError: Unknown column 'ChatRooms.participant_id' in 'field list'
      at errorConverter (C:\_git\Portfolio\backend\src\modules\error.ts:15:13)
      at Layer.handle_error (C:\_git\Portfolio\backend\node_modules\express\lib\router\layer.js:71:5)
      at trim_prefix (C:\_git\Portfolio\backend\node_modules\express\lib\router\index.js:326:13)
      at C:\_git\Portfolio\backend\node_modules\express\lib\router\index.js:286:9
      at Function.process_params (C:\_git\Portfolio\backend\node_modules\express\lib\router\index.js:346:12)
      at next (C:\_git\Portfolio\backend\node_modules\express\lib\router\index.js:280:10)
      at Layer.handle_error (C:\_git\Portfolio\backend\node_modules\express\lib\router\layer.js:67:12)
      at trim_prefix (C:\_git\Portfolio\backend\node_modules\express\lib\router\index.js:326:13)
      at C:\_git\Portfolio\backend\node_modules\express\lib\router\index.js:286:9
      at Function.process_params (C:\_git\Portfolio\backend\node_modules\express\lib\router\index.js:346:12) {
    statusCode: 500,
    isFatal: false
  }
]
2022-09-25 11:25:26 <error> (error.ts:35) 512c4ac0-3c79-11ed-a29f-0d4728911bfd [
  ApiError: Unknown column 'ChatParticipant.participant_id' in 'field list'
      at errorConverter (C:\_git\Portfolio\backend\src\modules\error.ts:15:13)
      at Layer.handle_error (C:\_git\Portfolio\backend\node_modules\express\lib\router\layer.js:71:5)
      at trim_prefix (C:\_git\Portfolio\backend\node_modules\express\lib\router\index.js:326:13)
      at C:\_git\Portfolio\backend\node_modules\express\lib\router\index.js:286:9
      at Function.process_params (C:\_git\Portfolio\backend\node_modules\express\lib\router\index.js:346:12)
      at next (C:\_git\Portfolio\backend\node_modules\express\lib\router\index.js:280:10)
      at Layer.handle_error (C:\_git\Portfolio\backend\node_modules\express\lib\router\layer.js:67:12)
      at trim_prefix (C:\_git\Portfolio\backend\node_modules\express\lib\router\index.js:326:13)
      at C:\_git\Portfolio\backend\node_modules\express\lib\router\index.js:286:9
      at Function.process_params (C:\_git\Portfolio\backend\node_modules\express\lib\router\index.js:346:12) {
    statusCode: 500,
    isFatal: false
  }
]
2022-09-25 13:37:09 <error> (error.ts:35) b73c3390-3c8b-11ed-bb0d-95616196a6a2 [
  ApiError: Cannot destructure property 'user_id' of 'userInfo' as it is undefined.
      at errorConverter (C:\_git\Portfolio\backend\src\modules\error.ts:15:13)
      at Layer.handle_error (C:\_git\Portfolio\backend\node_modules\express\lib\router\layer.js:71:5)
      at trim_prefix (C:\_git\Portfolio\backend\node_modules\express\lib\router\index.js:326:13)
      at C:\_git\Portfolio\backend\node_modules\express\lib\router\index.js:286:9
      at Function.process_params (C:\_git\Portfolio\backend\node_modules\express\lib\router\index.js:346:12)
      at next (C:\_git\Portfolio\backend\node_modules\express\lib\router\index.js:280:10)
      at Layer.handle_error (C:\_git\Portfolio\backend\node_modules\express\lib\router\layer.js:67:12)
      at trim_prefix (C:\_git\Portfolio\backend\node_modules\express\lib\router\index.js:326:13)
      at C:\_git\Portfolio\backend\node_modules\express\lib\router\index.js:286:9
      at Function.process_params (C:\_git\Portfolio\backend\node_modules\express\lib\router\index.js:346:12) {
    statusCode: 500,
    isFatal: false
  }
]
2022-09-25 13:55:37 <error> (error.ts:35) 4c0cc000-3c8e-11ed-9439-ddf078140965 [
  ApiError: 로그인한 이후에 이용하시기 바랍니다.
      at errorConverter (C:\_git\Portfolio\backend\src\modules\error.ts:15:13)
      at Layer.handle_error (C:\_git\Portfolio\backend\node_modules\express\lib\router\layer.js:71:5)
      at trim_prefix (C:\_git\Portfolio\backend\node_modules\express\lib\router\index.js:326:13)
      at C:\_git\Portfolio\backend\node_modules\express\lib\router\index.js:286:9
      at Function.process_params (C:\_git\Portfolio\backend\node_modules\express\lib\router\index.js:346:12)
      at next (C:\_git\Portfolio\backend\node_modules\express\lib\router\index.js:280:10)
      at Layer.handle_error (C:\_git\Portfolio\backend\node_modules\express\lib\router\layer.js:67:12)
      at trim_prefix (C:\_git\Portfolio\backend\node_modules\express\lib\router\index.js:326:13)
      at C:\_git\Portfolio\backend\node_modules\express\lib\router\index.js:286:9
      at Function.process_params (C:\_git\Portfolio\backend\node_modules\express\lib\router\index.js:346:12) {
    statusCode: 500,
    isFatal: false
  }
]
