2022-09-21 21:33:14 <info> (App.ts:25) undefined '✅DB connection success.'
2022-09-21 21:33:15 <info> (App.ts:27) undefined '✅Success Create users Table'
2022-09-21 22:50:38 <info> (App.ts:25) undefined '✅DB connection success.'
2022-09-21 22:50:38 <info> (App.ts:27) undefined '✅Success Create users Table'
2022-09-21 23:07:01 <info> (App.ts:25) undefined '✅DB connection success.'
2022-09-21 23:07:01 <info> (App.ts:27) undefined '✅Success Create users Table'
2022-09-21 23:07:09 <info> (error.ts:35) ae7d45f0-39b6-11ed-807c-f7f9457a648a [
  ApiError: Cannot destructure property 'user_id' of 'userInfo' as it is undefined.
      at errorConverter (C:\_git\Portfolio\backend\src\modules\error.ts:15:13)
      at Layer.handle_error (C:\_git\Portfolio\backend\node_modules\express\lib\router\layer.js:71:5)
      at trim_prefix (C:\_git\Portfolio\backend\node_modules\express\lib\router\index.js:326:13)
      at C:\_git\Portfolio\backend\node_modules\express\lib\router\index.js:286:9
      at Function.process_params (C:\_git\Portfolio\backend\node_modules\express\lib\router\index.js:346:12)
      at next (C:\_git\Portfolio\backend\node_modules\express\lib\router\index.js:280:10)
      at Layer.handle_error (C:\_git\Portfolio\backend\node_modules\express\lib\router\layer.js:67:12)
      at trim_prefix (C:\_git\Portfolio\backend\node_modules\express\lib\router\index.js:326:13)
      at C:\_git\Portfolio\backend\node_modules\express\lib\router\index.js:286:9
      at Function.process_params (C:\_git\Portfolio\backend\node_modules\express\lib\router\index.js:346:12) {
    statusCode: 500,
    isFatal: false
  }
]
2022-09-21 23:07:30 <info> (error.ts:35) bade10e0-39b6-11ed-807c-f7f9457a648a [
  ApiError: 로그인한 이후에 이용하시기 바랍니다.
      at errorConverter (C:\_git\Portfolio\backend\src\modules\error.ts:15:13)
      at Layer.handle_error (C:\_git\Portfolio\backend\node_modules\express\lib\router\layer.js:71:5)
      at trim_prefix (C:\_git\Portfolio\backend\node_modules\express\lib\router\index.js:326:13)
      at C:\_git\Portfolio\backend\node_modules\express\lib\router\index.js:286:9
      at Function.process_params (C:\_git\Portfolio\backend\node_modules\express\lib\router\index.js:346:12)
      at next (C:\_git\Portfolio\backend\node_modules\express\lib\router\index.js:280:10)
      at Layer.handle_error (C:\_git\Portfolio\backend\node_modules\express\lib\router\layer.js:67:12)
      at trim_prefix (C:\_git\Portfolio\backend\node_modules\express\lib\router\index.js:326:13)
      at C:\_git\Portfolio\backend\node_modules\express\lib\router\index.js:286:9
      at Function.process_params (C:\_git\Portfolio\backend\node_modules\express\lib\router\index.js:346:12) {
    statusCode: 500,
    isFatal: false
  }
]
2022-09-21 23:08:02 <info> (error.ts:35) ce4ac0b0-39b6-11ed-807c-f7f9457a648a [
  ApiError: Cannot destructure property 'user_id' of 'userInfo' as it is undefined.
      at errorConverter (C:\_git\Portfolio\backend\src\modules\error.ts:15:13)
      at Layer.handle_error (C:\_git\Portfolio\backend\node_modules\express\lib\router\layer.js:71:5)
      at trim_prefix (C:\_git\Portfolio\backend\node_modules\express\lib\router\index.js:326:13)
      at C:\_git\Portfolio\backend\node_modules\express\lib\router\index.js:286:9
      at Function.process_params (C:\_git\Portfolio\backend\node_modules\express\lib\router\index.js:346:12)
      at next (C:\_git\Portfolio\backend\node_modules\express\lib\router\index.js:280:10)
      at Layer.handle_error (C:\_git\Portfolio\backend\node_modules\express\lib\router\layer.js:67:12)
      at trim_prefix (C:\_git\Portfolio\backend\node_modules\express\lib\router\index.js:326:13)
      at C:\_git\Portfolio\backend\node_modules\express\lib\router\index.js:286:9
      at Function.process_params (C:\_git\Portfolio\backend\node_modules\express\lib\router\index.js:346:12) {
    statusCode: 500,
    isFatal: false
  }
]
2022-09-21 23:09:48 <info> (error.ts:35) 0d2a7c80-39b7-11ed-807c-f7f9457a648a [
  ApiError: Cannot destructure property 'user_id' of 'userInfo' as it is undefined.
      at errorConverter (C:\_git\Portfolio\backend\src\modules\error.ts:15:13)
      at Layer.handle_error (C:\_git\Portfolio\backend\node_modules\express\lib\router\layer.js:71:5)
      at trim_prefix (C:\_git\Portfolio\backend\node_modules\express\lib\router\index.js:326:13)
      at C:\_git\Portfolio\backend\node_modules\express\lib\router\index.js:286:9
      at Function.process_params (C:\_git\Portfolio\backend\node_modules\express\lib\router\index.js:346:12)
      at next (C:\_git\Portfolio\backend\node_modules\express\lib\router\index.js:280:10)
      at Layer.handle_error (C:\_git\Portfolio\backend\node_modules\express\lib\router\layer.js:67:12)
      at trim_prefix (C:\_git\Portfolio\backend\node_modules\express\lib\router\index.js:326:13)
      at C:\_git\Portfolio\backend\node_modules\express\lib\router\index.js:286:9
      at Function.process_params (C:\_git\Portfolio\backend\node_modules\express\lib\router\index.js:346:12) {
    statusCode: 500,
    isFatal: false
  }
]
2022-09-21 23:10:17 <info> (App.ts:25) undefined '✅DB connection success.'
2022-09-21 23:10:17 <info> (App.ts:27) undefined '✅Success Create users Table'
2022-09-21 23:10:45 <info> (error.ts:35) 2f255e90-39b7-11ed-8dd7-530822b0440e [
  ApiError: Cannot destructure property 'user_id' of 'userInfo' as it is undefined.
      at errorConverter (C:\_git\Portfolio\backend\src\modules\error.ts:15:13)
      at Layer.handle_error (C:\_git\Portfolio\backend\node_modules\express\lib\router\layer.js:71:5)
      at trim_prefix (C:\_git\Portfolio\backend\node_modules\express\lib\router\index.js:326:13)
      at C:\_git\Portfolio\backend\node_modules\express\lib\router\index.js:286:9
      at Function.process_params (C:\_git\Portfolio\backend\node_modules\express\lib\router\index.js:346:12)
      at next (C:\_git\Portfolio\backend\node_modules\express\lib\router\index.js:280:10)
      at Layer.handle_error (C:\_git\Portfolio\backend\node_modules\express\lib\router\layer.js:67:12)
      at trim_prefix (C:\_git\Portfolio\backend\node_modules\express\lib\router\index.js:326:13)
      at C:\_git\Portfolio\backend\node_modules\express\lib\router\index.js:286:9
      at Function.process_params (C:\_git\Portfolio\backend\node_modules\express\lib\router\index.js:346:12) {
    statusCode: 500,
    isFatal: false
  }
]
2022-09-21 23:12:12 <info> (App.ts:25) undefined '✅DB connection success.'
2022-09-21 23:12:12 <info> (App.ts:27) undefined '✅Success Create users Table'
2022-09-21 23:15:35 <info> (App.ts:25) undefined '✅DB connection success.'
2022-09-21 23:15:35 <info> (App.ts:27) undefined '✅Success Create users Table'
